Time: 01/05/2025, 13:10:13
Error: You are not logged in!
Client IP: ::ffff:127.0.0.1

--------------------------------------------------------

Time: 01/05/2025, 13:10:25
Error: "image.encoding" must be one of [base64, binary]
Client IP: ::ffff:127.0.0.1

--------------------------------------------------------

Time: 01/05/2025, 13:11:20
Error: "image.encoding" must be one of [base64, binary]
Client IP: ::ffff:127.0.0.1

--------------------------------------------------------

Time: 01/05/2025, 13:12:23
Error: "image.encoding" must be one of [base64, binary]
Client IP: ::ffff:127.0.0.1

--------------------------------------------------------

Time: 01/05/2025, 13:13:44
Error: "image.tempFilePath" is not allowed
Client IP: ::ffff:127.0.0.1

--------------------------------------------------------

Time: 01/05/2025, 13:14:02
Error: "image.encoding" is not allowed
Client IP: ::ffff:127.0.0.1

--------------------------------------------------------

Time: 01/05/2025, 13:14:46
Error: "imageUrl" is not allowed
Client IP: ::ffff:127.0.0.1

--------------------------------------------------------

